# JRE version: OpenJDK Runtime Environment (21.0.1+12) (build 21.0.1+12-29)
# Java VM: OpenJDK 64-Bit Server VM (21.0.1+12-29, mixed mode, sharing, tiered, compressed oops, compressed class ptrs, g1 gc, windows-amd64)
GC Precious Log:
 CardTable entry size: 512
 Card Set container configuration: InlinePtr #cards 5 size 8 Array Of Cards #cards 12 size 40 Howl #buckets 4 coarsen threshold 1843 Howl Bitmap #cards 512 size 80 coarsen threshold 460 Card regions per heap region 1 cards per card region 2048
 CPUs: 12 total, 12 available
 Memory: 7521M
 Large Page Support: Disabled
 NUMA Support: Disabled
 Compressed Oops: Enabled (32-bit)
 Heap Region Size: 1M
 Heap Min Capacity: 8M
 Heap Initial Capacity: 118M
 Heap Max Capacity: 1882M
 Pre-touch: Disabled
 Parallel Workers: 10
 Concurrent Workers: 3
 Concurrent Refinement Workers: 10
 Periodic GC: Disabled
Heap:
 garbage-first heap   total 122880K, used 102344K [0x000000008a600000, 0x0000000100000000)
  region size 1024K, 24 young (24576K), 1 survivors (1024K)
 Metaspace       used 18860K, committed 19264K, reserved 1114112K
  class space    used 2501K, committed 2688K, reserved 1048576K
GC Heap History (8 events):
Event: 0.603 GC heap before
{Heap before GC invocations=0 (full 0):
 garbage-first heap   total 120832K, used 22528K [0x000000008a600000, 0x0000000100000000)
  region size 1024K, 23 young (23552K), 0 survivors (0K)
 Metaspace       used 4160K, committed 4352K, reserved 1114112K
  class space    used 472K, committed 576K, reserved 1048576K
}
Event: 0.606 GC heap after
{Heap after GC invocations=1 (full 0):
 garbage-first heap   total 120832K, used 4317K [0x000000008a600000, 0x0000000100000000)
  region size 1024K, 3 young (3072K), 3 survivors (3072K)
 Metaspace       used 4160K, committed 4352K, reserved 1114112K
  class space    used 472K, committed 576K, reserved 1048576K
}
Event: 1.141 GC heap before
{Heap before GC invocations=1 (full 0):
 garbage-first heap   total 120832K, used 39133K [0x000000008a600000, 0x0000000100000000)
  region size 1024K, 36 young (36864K), 3 survivors (3072K)
 Metaspace       used 11894K, committed 12224K, reserved 1114112K
  class space    used 1614K, committed 1792K, reserved 1048576K
}
Event: 1.146 GC heap after
{Heap after GC invocations=2 (full 0):
 garbage-first heap   total 120832K, used 10455K [0x000000008a600000, 0x0000000100000000)
  region size 1024K, 4 young (4096K), 4 survivors (4096K)
 Metaspace       used 11894K, committed 12224K, reserved 1114112K
  class space    used 1614K, committed 1792K, reserved 1048576K
}
Event: 13.599 GC heap before
{Heap before GC invocations=2 (full 0):
 garbage-first heap   total 120832K, used 91351K [0x000000008a600000, 0x0000000100000000)
  region size 1024K, 41 young (41984K), 4 survivors (4096K)
 Metaspace       used 17778K, committed 18112K, reserved 1114112K
  class space    used 2382K, committed 2560K, reserved 1048576K
}
Event: 13.605 GC heap after
{Heap after GC invocations=3 (full 0):
 garbage-first heap   total 120832K, used 40481K [0x000000008a600000, 0x0000000100000000)
  region size 1024K, 9 young (9216K), 9 survivors (9216K)
 Metaspace       used 17778K, committed 18112K, reserved 1114112K
  class space    used 2382K, committed 2560K, reserved 1048576K
}
Event: 13.664 GC heap before
{Heap before GC invocations=3 (full 0):
 garbage-first heap   total 120832K, used 55841K [0x000000008a600000, 0x0000000100000000)
  region size 1024K, 10 young (10240K), 9 survivors (9216K)
 Metaspace       used 17785K, committed 18112K, reserved 1114112K
  class space    used 2382K, committed 2560K, reserved 1048576K
}
Event: 13.669 GC heap after
{Heap after GC invocations=4 (full 0):
 garbage-first heap   total 120832K, used 57288K [0x000000008a600000, 0x0000000100000000)
  region size 1024K, 1 young (1024K), 1 survivors (1024K)
 Metaspace       used 17785K, committed 18112K, reserved 1114112K
  class space    used 2382K, committed 2560K, reserved 1048576K
}

